[score matrix size:   0x254  -nan% are 0.] (DH)     0 ---> OK	time [ms]: (DH): 1.888	 ave. time [ms]:  (DH): 1.888 (+/-)    0
[score matrix size: 254x244 99.72% are 0.] (DH) 65.04 ---> OK	time [ms]: (DH): 593.3	 ave. time [ms]:  (DH): 297.6 (+/-)295.7
[score matrix size:   0x246  -nan% are 0.] (DH)     0 ---> OK	time [ms]: (DH): 0.104	 ave. time [ms]:  (DH): 198.4 (+/-)279.2
[score matrix size: 246x248 99.88% are 0.] (DH) 22.19 ---> OK	time [ms]: (DH):  2093	 ave. time [ms]:  (DH):   672 (+/-)855.2
[score matrix size:   0x231  -nan% are 0.] (DH)     0 ---> OK	time [ms]: (DH): 0.094	 ave. time [ms]:  (DH): 537.6 (+/-)810.7
[score matrix size: 231x219 99.69% are 0.] (DH) 89.51 ---> OK	time [ms]: (DH): 380.4	 ave. time [ms]:  (DH): 511.4 (+/-)742.4
[score matrix size: 219x228 99.77% are 0.] (DH) 38.92 ---> OK	time [ms]: (DH): 684.8	 ave. time [ms]:  (DH): 536.2 (+/-)  690
[score matrix size: 228x195 99.73% are 0.] (DH) 35.07 ---> OK	time [ms]: (DH): 601.6	 ave. time [ms]:  (DH): 544.4 (+/-)645.8
[score matrix size: 195x203 99.72% are 0.] (DH) 56.23 ---> OK	time [ms]: (DH): 384.9	 ave. time [ms]:  (DH): 526.6 (+/-)610.9
[score matrix size: 203x194 99.72% are 0.] (DH) 60.14 ---> OK	time [ms]: (DH): 353.4	 ave. time [ms]:  (DH): 509.3 (+/-)581.9
[score matrix size: 194x212 99.74% are 0.] (DH) 66.53 ---> OK	time [ms]: (DH): 437.4	 ave. time [ms]:  (DH): 502.8 (+/-)555.2
[score matrix size: 212x185 99.76% are 0.] (DH) 50.91 ---> OK	time [ms]: (DH): 568.8	 ave. time [ms]:  (DH): 508.3 (+/-)531.9
[score matrix size: 185x173 99.73% are 0.] (DH) 54.92 ---> OK	time [ms]: (DH): 241.3	 ave. time [ms]:  (DH): 487.7 (+/-)  516
[score matrix size: 173x155 99.68% are 0.] (DH) 46.36 ---> OK	time [ms]: (DH): 210.7	 ave. time [ms]:  (DH):   468 (+/-)502.3
[score matrix size: 265x154 99.73% are 0.] (DH) 57.52 ---> OK	time [ms]: (DH): 584.6	 ave. time [ms]:  (DH): 475.7 (+/-)486.1
[score matrix size: 154x168 99.72% are 0.] (DH) 21.68 ---> OK	time [ms]: (DH):   251	 ave. time [ms]:  (DH): 461.7 (+/-)473.8
[score matrix size: 168x158 99.63% are 0.] (DH)  57.3 ---> OK	time [ms]: (DH): 113.8	 ave. time [ms]:  (DH): 441.2 (+/-)466.9
[score matrix size: 248x159 99.68% are 0.] (DH) 70.11 ---> OK	time [ms]: (DH): 324.7	 ave. time [ms]:  (DH): 434.8 (+/-)454.5
[score matrix size: 234x166 99.73% are 0.] (DH)    55 ---> OK	time [ms]: (DH): 550.2	 ave. time [ms]:  (DH): 440.8 (+/-)443.2
[score matrix size:   0x187  -nan% are 0.] (DH)     0 ---> OK	time [ms]: (DH): 0.079	 ave. time [ms]:  (DH): 418.8 (+/-)442.5
[score matrix size: 187x192  99.6% are 0.] (DH) 75.34 ---> OK	time [ms]: (DH): 130.8	 ave. time [ms]:  (DH): 405.1 (+/-)436.2
[score matrix size: 275x158 99.71% are 0.] (DH) 68.32 ---> OK	time [ms]: (DH): 504.7	 ave. time [ms]:  (DH): 409.6 (+/-)426.6
[score matrix size: 158x146 99.75% are 0.] (DH)  18.6 ---> OK	time [ms]: (DH): 238.1	 ave. time [ms]:  (DH): 402.1 (+/-)418.7
[score matrix size: 259x143 99.71% are 0.] (DH) 41.79 ---> OK	time [ms]: (DH): 456.6	 ave. time [ms]:  (DH): 404.4 (+/-)  410
[score matrix size:   0x138  -nan% are 0.] (DH)     0 ---> OK	time [ms]: (DH): 0.147	 ave. time [ms]:  (DH): 388.2 (+/-)409.5
[score matrix size: 138x145 99.51% are 0.] (DH) 40.62 ---> OK	time [ms]: (DH): 63.48	 ave. time [ms]:  (DH): 375.8 (+/-)406.4
[score matrix size: 206x140 99.61% are 0.] (DH) 54.62 ---> OK	time [ms]: (DH): 216.3	 ave. time [ms]:  (DH): 369.8 (+/-)399.9
[score matrix size: 268x143 99.72% are 0.] (DH) 51.99 ---> OK	time [ms]: (DH): 526.4	 ave. time [ms]:  (DH): 375.4 (+/-)393.8
[score matrix size: 143x139 99.69% are 0.] (DH) 32.34 ---> OK	time [ms]: (DH): 107.8	 ave. time [ms]:  (DH): 366.2 (+/-)  390
[score matrix size: 139x142 99.52% are 0.] (DH) 58.17 ---> OK	time [ms]: (DH): 32.65	 ave. time [ms]:  (DH): 355.1 (+/-)388.1
[score matrix size: 200x158 99.59% are 0.] (DH) 70.14 ---> OK	time [ms]: (DH): 141.4	 ave. time [ms]:  (DH): 348.2 (+/-)383.6
[score matrix size: 260x153  99.7% are 0.] (DH) 67.18 ---> OK	time [ms]: (DH): 415.2	 ave. time [ms]:  (DH): 350.3 (+/-)377.8
[score matrix size: 231x160 99.69% are 0.] (DH) 60.48 ---> OK	time [ms]: (DH): 390.9	 ave. time [ms]:  (DH): 351.5 (+/-)372.1
[score matrix size: 160x175 99.69% are 0.] (DH) 27.19 ---> OK	time [ms]: (DH): 233.1	 ave. time [ms]:  (DH):   348 (+/-)367.1
[score matrix size: 175x174 99.64% are 0.] (DH)  54.9 ---> OK	time [ms]: (DH): 176.2	 ave. time [ms]:  (DH): 343.1 (+/-)  363
[score matrix size: 271x172 99.67% are 0.] (DH) 74.86 ---> OK	time [ms]: (DH): 502.1	 ave. time [ms]:  (DH): 347.5 (+/-)358.8
[score matrix size: 342x161 99.74% are 0.] (DH) 46.19 ---> OK	time [ms]: (DH): 964.4	 ave. time [ms]:  (DH): 364.2 (+/-)367.8
[score matrix size:   0x128  -nan% are 0.] (DH)     0 ---> OK	time [ms]: (DH): 0.066	 ave. time [ms]:  (DH): 354.6 (+/-)367.6
[score matrix size: 128x124  99.5% are 0.] (DH) 47.61 ---> OK	time [ms]: (DH): 41.99	 ave. time [ms]:  (DH): 346.6 (+/-)366.2
[score matrix size: 187x138 99.59% are 0.] (DH) 57.59 ---> OK	time [ms]: (DH): 125.3	 ave. time [ms]:  (DH): 341.1 (+/-)363.2
[score matrix size: 247x119 99.65% are 0.] (DH)  51.3 ---> OK	time [ms]: (DH): 226.9	 ave. time [ms]:  (DH): 338.3 (+/-)359.2
[score matrix size: 196x132 99.64% are 0.] (DH) 33.99 ---> OK	time [ms]: (DH): 209.9	 ave. time [ms]:  (DH): 335.2 (+/-)355.5
[score matrix size: 196x119 99.61% are 0.] (DH) 36.72 ---> OK	time [ms]: (DH): 149.3	 ave. time [ms]:  (DH): 330.9 (+/-)352.4
[score matrix size: 191x119 99.52% are 0.] (DH)  40.9 ---> OK	time [ms]: (DH): 115.3	 ave. time [ms]:  (DH):   326 (+/-)349.9
[score matrix size: 236x118 99.58% are 0.] (DH) 47.74 ---> OK	time [ms]: (DH): 168.3	 ave. time [ms]:  (DH): 322.5 (+/-)346.7
[score matrix size: 224x115  99.6% are 0.] (DH) 49.51 ---> OK	time [ms]: (DH): 161.2	 ave. time [ms]:  (DH):   319 (+/-)343.8
[score matrix size: 226x121 99.56% are 0.] (DH) 49.54 ---> OK	time [ms]: (DH): 186.4	 ave. time [ms]:  (DH): 316.2 (+/-)340.6
[score matrix size: 233x126 99.61% are 0.] (DH) 52.41 ---> OK	time [ms]: (DH): 228.2	 ave. time [ms]:  (DH): 314.4 (+/-)337.3
[score matrix size: 182x111  99.5% are 0.] (DH)  50.8 ---> OK	time [ms]: (DH): 93.33	 ave. time [ms]:  (DH): 309.8 (+/-)335.3
[score matrix size: 224x122 99.67% are 0.] (DH) 44.97 ---> OK	time [ms]: (DH): 300.4	 ave. time [ms]:  (DH): 309.7 (+/-)331.9
[score matrix size: 182x117 99.58% are 0.] (DH) 50.49 ---> OK	time [ms]: (DH): 102.6	 ave. time [ms]:  (DH): 305.6 (+/-)329.9
[score matrix size: 177x127 99.56% are 0.] (DH)  50.8 ---> OK	time [ms]: (DH): 104.6	 ave. time [ms]:  (DH): 301.7 (+/-)327.9
[score matrix size: 228x135 99.61% are 0.] (DH) 54.45 ---> OK	time [ms]: (DH): 242.5	 ave. time [ms]:  (DH): 300.6 (+/-)324.9
[score matrix size: 200x143 99.63% are 0.] (DH) 56.77 ---> OK	time [ms]: (DH): 190.7	 ave. time [ms]:  (DH): 298.6 (+/-)322.2
[score matrix size: 205x161  99.6% are 0.] (DH) 59.68 ---> OK	time [ms]: (DH): 159.3	 ave. time [ms]:  (DH):   296 (+/-)319.8
[score matrix size: 221x157  99.6% are 0.] (DH) 73.53 ---> OK	time [ms]: (DH): 207.4	 ave. time [ms]:  (DH): 294.5 (+/-)317.1
[score matrix size: 280x138 99.69% are 0.] (DH) 62.58 ---> OK	time [ms]: (DH): 380.1	 ave. time [ms]:  (DH):   296 (+/-)314.5
[score matrix size: 221x138 99.64% are 0.] (DH) 52.56 ---> OK	time [ms]: (DH): 248.4	 ave. time [ms]:  (DH): 295.1 (+/-)311.9
[score matrix size: 211x134  99.6% are 0.] (DH) 59.35 ---> OK	time [ms]: (DH):   181	 ave. time [ms]:  (DH): 293.2 (+/-)309.6
[score matrix size: 202x132 99.65% are 0.] (DH) 51.08 ---> OK	time [ms]: (DH): 241.8	 ave. time [ms]:  (DH): 292.4 (+/-)307.1
[score matrix size: 206x125  99.7% are 0.] (DH) 32.01 ---> OK	time [ms]: (DH): 296.4	 ave. time [ms]:  (DH): 292.4 (+/-)304.5
[score matrix size: 125x116 99.64% are 0.] (DH) 30.36 ---> OK	time [ms]: (DH): 85.52	 ave. time [ms]:  (DH): 289.1 (+/-)303.2
[score matrix size: 197x127 99.61% are 0.] (DH) 47.95 ---> OK	time [ms]: (DH): 174.3	 ave. time [ms]:  (DH): 287.3 (+/-)301.1
[score matrix size: 190x122 99.63% are 0.] (DH) 42.75 ---> OK	time [ms]: (DH): 197.7	 ave. time [ms]:  (DH): 285.9 (+/-)  299
[score matrix size: 254x129 99.65% are 0.] (DH) 58.08 ---> OK	time [ms]: (DH): 296.9	 ave. time [ms]:  (DH):   286 (+/-)296.6
[score matrix size: 189x137 99.57% are 0.] (DH) 47.66 ---> OK	time [ms]: (DH): 160.8	 ave. time [ms]:  (DH): 284.1 (+/-)294.8
[score matrix size: 203x138 99.66% are 0.] (DH) 46.71 ---> OK	time [ms]: (DH): 243.8	 ave. time [ms]:  (DH): 283.5 (+/-)292.6
[score matrix size: 212x139 99.65% are 0.] (DH) 52.85 ---> OK	time [ms]: (DH): 250.8	 ave. time [ms]:  (DH): 283.1 (+/-)290.5
[score matrix size: 139x161 99.65% are 0.] (DH) 45.86 ---> OK	time [ms]: (DH): 111.9	 ave. time [ms]:  (DH): 280.6 (+/-)289.1
[score matrix size: 161x154 99.62% are 0.] (DH) 53.38 ---> OK	time [ms]: (DH): 116.4	 ave. time [ms]:  (DH): 278.2 (+/-)287.7
[score matrix size: 242x164 99.68% are 0.] (DH) 70.53 ---> OK	time [ms]: (DH): 322.8	 ave. time [ms]:  (DH): 278.9 (+/-)285.7
[score matrix size: 238x162 99.73% are 0.] (DH) 27.96 ---> OK	time [ms]: (DH): 526.8	 ave. time [ms]:  (DH): 282.3 (+/-)285.2
[score matrix size: 162x172 99.71% are 0.] (DH) 34.92 ---> OK	time [ms]: (DH): 217.9	 ave. time [ms]:  (DH): 281.4 (+/-)283.3
[score matrix size: 172x180 99.62% are 0.] (DH)  66.1 ---> OK	time [ms]: (DH): 117.9	 ave. time [ms]:  (DH): 279.2 (+/-)  282
[score matrix size: 257x176 99.69% are 0.] (DH) 73.25 ---> OK	time [ms]: (DH): 463.7	 ave. time [ms]:  (DH): 281.7 (+/-)  281
[score matrix size: 176x179 99.68% are 0.] (DH) 46.45 ---> OK	time [ms]: (DH): 203.7	 ave. time [ms]:  (DH): 280.6 (+/-)279.2
[score matrix size: 179x178 99.71% are 0.] (DH) 51.62 ---> OK	time [ms]: (DH): 250.1	 ave. time [ms]:  (DH): 280.2 (+/-)277.4
[score matrix size: 283x182 99.71% are 0.] (DH)    72 ---> OK	time [ms]: (DH): 597.8	 ave. time [ms]:  (DH): 284.3 (+/-)  278
[score matrix size:   0x177  -nan% are 0.] (DH)     0 ---> OK	time [ms]: (DH): 0.251	 ave. time [ms]:  (DH): 280.7 (+/-)  278
[score matrix size: 177x171  99.6% are 0.] (DH) 60.28 ---> OK	time [ms]: (DH): 111.8	 ave. time [ms]:  (DH): 278.6 (+/-)276.9
[score matrix size: 255x176 99.69% are 0.] (DH)  74.1 ---> OK	time [ms]: (DH): 474.1	 ave. time [ms]:  (DH):   281 (+/-)  276
[score matrix size: 176x162 99.81% are 0.] (DH) 17.78 ---> OK	time [ms]: (DH): 456.9	 ave. time [ms]:  (DH): 283.2 (+/-)  275
[score matrix size: 162x150 99.63% are 0.] (DH) 32.87 ---> OK	time [ms]: (DH): 146.2	 ave. time [ms]:  (DH): 281.5 (+/-)273.8
[score matrix size: 243x150 99.72% are 0.] (DH) 42.81 ---> OK	time [ms]: (DH): 475.8	 ave. time [ms]:  (DH): 283.8 (+/-)  273
[score matrix size:   0x148  -nan% are 0.] (DH)     0 ---> OK	time [ms]: (DH): 0.074	 ave. time [ms]:  (DH): 280.5 (+/-)273.1
[score matrix size: 148x151  99.6% are 0.] (DH) 56.08 ---> OK	time [ms]: (DH): 89.94	 ave. time [ms]:  (DH): 278.3 (+/-)272.2
[score matrix size: 226x145 99.66% are 0.] (DH) 60.01 ---> OK	time [ms]: (DH): 333.5	 ave. time [ms]:  (DH): 278.9 (+/-)270.7
[score matrix size: 145x150 99.66% are 0.] (DH) 41.35 ---> OK	time [ms]: (DH): 118.9	 ave. time [ms]:  (DH): 277.1 (+/-)269.7
[score matrix size: 236x168 99.71% are 0.] (DH) 54.29 ---> OK	time [ms]: (DH): 482.6	 ave. time [ms]:  (DH): 279.4 (+/-)269.1
[score matrix size: 168x159 99.67% are 0.] (DH)  48.2 ---> OK	time [ms]: (DH):   174	 ave. time [ms]:  (DH): 278.2 (+/-)267.8
[score matrix size: 159x172 99.56% are 0.] (DH) 79.11 ---> OK	time [ms]: (DH): 58.06	 ave. time [ms]:  (DH): 275.8 (+/-)267.3
[score matrix size: 172x170 99.64% are 0.] (DH)  47.1 ---> OK	time [ms]: (DH): 144.5	 ave. time [ms]:  (DH): 274.4 (+/-)266.2
[score matrix size: 170x173 99.69% are 0.] (DH) 48.39 ---> OK	time [ms]: (DH): 178.4	 ave. time [ms]:  (DH): 273.3 (+/-)  265
[score matrix size: 269x175 99.75% are 0.] (DH) 74.47 ---> OK	time [ms]: (DH): 638.7	 ave. time [ms]:  (DH): 277.2 (+/-)266.2
[score matrix size:   0x175  -nan% are 0.] (DH)     0 ---> OK	time [ms]: (DH): 0.237	 ave. time [ms]:  (DH): 274.3 (+/-)266.3
[score matrix size: 175x187 99.63% are 0.] (DH) 74.16 ---> OK	time [ms]: (DH): 142.5	 ave. time [ms]:  (DH): 272.9 (+/-)265.3
[score matrix size: 268x172 99.72% are 0.] (DH) 79.42 ---> OK	time [ms]: (DH): 516.5	 ave. time [ms]:  (DH): 275.5 (+/-)  265
[score matrix size: 172x177 99.67% are 0.] (DH)  65.6 ---> OK	time [ms]: (DH): 147.8	 ave. time [ms]:  (DH): 274.2 (+/-)  264
[score matrix size: 265x177 99.74% are 0.] (DH) 50.39 ---> OK	time [ms]: (DH): 794.8	 ave. time [ms]:  (DH): 279.4 (+/-)267.8
[score matrix size:   0x172  -nan% are 0.] (DH)     0 ---> OK	time [ms]: (DH):  0.31	 ave. time [ms]:  (DH): 276.6 (+/-)267.9
[score matrix size: 172x163 99.69% are 0.] (DH) 59.98 ---> OK	time [ms]: (DH): 142.5	 ave. time [ms]:  (DH): 275.3 (+/-)266.9
[score matrix size: 257x167 99.72% are 0.] (DH) 44.34 ---> OK	time [ms]: (DH): 569.5	 ave. time [ms]:  (DH): 278.2 (+/-)267.1
[score matrix size: 167x165 99.72% are 0.] (DH) 36.43 ---> OK	time [ms]: (DH): 216.3	 ave. time [ms]:  (DH): 277.6 (+/-)265.9
[score matrix size: 165x167 99.68% are 0.] (DH) 47.39 ---> OK	time [ms]: (DH): 174.7	 ave. time [ms]:  (DH): 276.6 (+/-)264.8
[score matrix size: 262x178 99.69% are 0.] (DH) 71.84 ---> OK	time [ms]: (DH): 479.4	 ave. time [ms]:  (DH): 278.5 (+/-)264.3
[score matrix size: 178x182 99.71% are 0.] (DH) 48.94 ---> OK	time [ms]: (DH): 213.9	 ave. time [ms]:  (DH): 277.9 (+/-)263.1
[score matrix size: 182x185  99.6% are 0.] (DH) 73.53 ---> OK	time [ms]: (DH): 120.1	 ave. time [ms]:  (DH): 276.4 (+/-)262.3
[score matrix size: 266x193 99.69% are 0.] (DH) 86.22 ---> OK	time [ms]: (DH): 560.4	 ave. time [ms]:  (DH): 279.1 (+/-)262.5
[score matrix size:   0x191  -nan% are 0.] (DH)     0 ---> OK	time [ms]: (DH): 0.071	 ave. time [ms]:  (DH): 276.5 (+/-)262.6
[score matrix size: 191x191 99.63% are 0.] (DH) 66.57 ---> OK	time [ms]: (DH): 120.9	 ave. time [ms]:  (DH): 275.1 (+/-)261.9
[score matrix size: 275x185  99.7% are 0.] (DH) 81.59 ---> OK	time [ms]: (DH): 515.3	 ave. time [ms]:  (DH): 277.3 (+/-)261.7
[score matrix size: 185x154 99.66% are 0.] (DH) 44.28 ---> OK	time [ms]: (DH): 207.9	 ave. time [ms]:  (DH): 276.6 (+/-)260.6
[score matrix size: 154x145  99.6% are 0.] (DH) 58.13 ---> OK	time [ms]: (DH): 65.91	 ave. time [ms]:  (DH): 274.8 (+/-)260.2
[score matrix size: 220x139 99.68% are 0.] (DH) 60.85 ---> OK	time [ms]: (DH): 259.7	 ave. time [ms]:  (DH): 274.6 (+/-)  259
[score matrix size: 139x144  99.6% are 0.] (DH) 50.69 ---> OK	time [ms]: (DH): 71.84	 ave. time [ms]:  (DH): 272.9 (+/-)258.6
[score matrix size: 212x144 99.68% are 0.] (DH) 60.08 ---> OK	time [ms]: (DH): 243.2	 ave. time [ms]:  (DH): 272.6 (+/-)257.5
[score matrix size: 212x149 99.61% are 0.] (DH) 57.11 ---> OK	time [ms]: (DH):   219	 ave. time [ms]:  (DH): 272.2 (+/-)256.4
[score matrix size: 216x153 99.64% are 0.] (DH) 72.37 ---> OK	time [ms]: (DH): 208.1	 ave. time [ms]:  (DH): 271.6 (+/-)255.4
[score matrix size: 215x137 99.64% are 0.] (DH) 60.94 ---> OK	time [ms]: (DH): 197.2	 ave. time [ms]:  (DH):   271 (+/-)254.4
[score matrix size: 214x143 99.63% are 0.] (DH)  68.8 ---> OK	time [ms]: (DH): 195.4	 ave. time [ms]:  (DH): 270.4 (+/-)253.5
[score matrix size: 204x148 99.61% are 0.] (DH) 74.48 ---> OK	time [ms]: (DH): 160.7	 ave. time [ms]:  (DH): 269.5 (+/-)252.6
[score matrix size: 261x160 99.68% are 0.] (DH) 71.16 ---> OK	time [ms]: (DH):   466	 ave. time [ms]:  (DH): 271.1 (+/-)252.2
[score matrix size: 160x154 99.52% are 0.] (DH) 70.82 ---> OK	time [ms]: (DH): 58.02	 ave. time [ms]:  (DH): 269.3 (+/-)251.9
[score matrix size: 154x153 99.48% are 0.] (DH) 69.42 ---> OK	time [ms]: (DH): 49.63	 ave. time [ms]:  (DH): 267.6 (+/-)251.6
[score matrix size: 215x152 99.54% are 0.] (DH) 90.04 ---> OK	time [ms]: (DH): 110.8	 ave. time [ms]:  (DH): 266.3 (+/-)  251
[score matrix size: 259x157 99.62% are 0.] (DH) 91.41 ---> OK	time [ms]: (DH): 245.8	 ave. time [ms]:  (DH): 266.2 (+/-)  250
[score matrix size: 259x150 99.61% are 0.] (DH) 90.53 ---> OK	time [ms]: (DH): 221.1	 ave. time [ms]:  (DH): 265.8 (+/-)249.1
[score matrix size: 260x142 99.61% are 0.] (DH) 83.81 ---> OK	time [ms]: (DH): 229.2	 ave. time [ms]:  (DH): 265.5 (+/-)248.1
[score matrix size: 204x144 99.58% are 0.] (DH) 81.22 ---> OK	time [ms]: (DH): 127.8	 ave. time [ms]:  (DH): 264.4 (+/-)247.5
[score matrix size: 253x148 99.65% are 0.] (DH) 82.75 ---> OK	time [ms]: (DH):   240	 ave. time [ms]:  (DH): 264.3 (+/-)246.5
[score matrix size: 205x142 99.59% are 0.] (DH) 76.07 ---> OK	time [ms]: (DH): 118.1	 ave. time [ms]:  (DH): 263.1 (+/-)245.9
[score matrix size: 207x150 99.61% are 0.] (DH) 79.91 ---> OK	time [ms]: (DH): 138.3	 ave. time [ms]:  (DH): 262.2 (+/-)245.2
[score matrix size: 204x153 99.58% are 0.] (DH) 83.17 ---> OK	time [ms]: (DH):   120	 ave. time [ms]:  (DH): 261.1 (+/-)244.6
[score matrix size: 211x148 99.55% are 0.] (DH) 86.64 ---> OK	time [ms]: (DH): 98.79	 ave. time [ms]:  (DH): 259.9 (+/-)244.1
[score matrix size: 207x147 99.59% are 0.] (DH) 82.18 ---> OK	time [ms]: (DH): 113.6	 ave. time [ms]:  (DH): 258.8 (+/-)243.5
[score matrix size: 199x144 99.61% are 0.] (DH) 75.02 ---> OK	time [ms]: (DH): 128.2	 ave. time [ms]:  (DH): 257.9 (+/-)242.9
[score matrix size: 205x143 99.62% are 0.] (DH) 77.94 ---> OK	time [ms]: (DH): 144.3	 ave. time [ms]:  (DH):   257 (+/-)242.2
[score matrix size: 200x142 99.62% are 0.] (DH)  70.1 ---> OK	time [ms]: (DH):   145	 ave. time [ms]:  (DH): 256.2 (+/-)241.5
[score matrix size: 256x139 99.67% are 0.] (DH) 77.11 ---> OK	time [ms]: (DH): 225.9	 ave. time [ms]:  (DH):   256 (+/-)240.6
[score matrix size: 199x141 99.61% are 0.] (DH) 73.18 ---> OK	time [ms]: (DH): 129.8	 ave. time [ms]:  (DH): 255.1 (+/-)  240
[score matrix size: 252x139 99.66% are 0.] (DH) 77.47 ---> OK	time [ms]: (DH): 248.1	 ave. time [ms]:  (DH): 255.1 (+/-)239.1
[score matrix size: 207x154  99.6% are 0.] (DH) 82.15 ---> OK	time [ms]: (DH): 140.1	 ave. time [ms]:  (DH): 254.2 (+/-)238.5
[score matrix size: 201x142 99.58% are 0.] (DH)  87.6 ---> OK	time [ms]: (DH): 92.37	 ave. time [ms]:  (DH): 253.1 (+/-)  238
[score matrix size: 199x144 99.58% are 0.] (DH) 87.76 ---> OK	time [ms]: (DH): 91.67	 ave. time [ms]:  (DH):   252 (+/-)237.6
... logging to /home/autoware/.ros/log/6890927e-d38c-11e9-b699-9cb6d0b90063/roslaunch-autoware-XPS-15-9570-29558.log
Checking log directory for disk usage. This may take awhile.
Press Ctrl-C to interrupt
Done checking log file disk usage. Usage is <1GB.
]2;/home/autoware/workspace/catkin_ws/src/autoware_perception/multi_object_tracker/launch/multi_object_tracker.launch
[1mstarted roslaunch server http://localhost:43595/[0m

SUMMARY
========

PARAMETERS
 * /multi_object_tracker/world_frame_id: world
 * /rosdistro: kinetic
 * /rosversion: 1.12.14

NODES
  /
    multi_object_tracker (multi_object_tracker/multi_object_tracker_node)

[1mROS_MASTER_URI=http://localhost:11311[0m
]2;/home/autoware/workspace/catkin_ws/src/autoware_perception/multi_object_tracker/launch/multi_object_tracker.launch http://localhost:11311
[1mprocess[multi_object_tracker-1]: started with pid [29575][0m
[multi_object_tracker-1] killing on exit
shutting down processing monitor...
... shutting down processing monitor complete
[1mdone[0m
