[score matrix size:   0x254  -nan% are 0.] (SSP)     0 ---> OK	time [ms]: (SSP):     0	 ave. time [ms]:  (SSP):     0 (+/-)    0
[score matrix size: 254x244 99.72% are 0.] (SSP) 65.08 ---> OK	time [ms]: (SSP):  3.12	 ave. time [ms]:  (SSP):  1.56 (+/-) 1.56
[score matrix size: 370x265  99.8% are 0.] (SSP) 100.2 ---> OK	time [ms]: (SSP): 4.983	 ave. time [ms]:  (SSP): 2.701 (+/-)2.056
[score matrix size: 378x250 99.78% are 0.] (SSP) 109.9 ---> OK	time [ms]: (SSP): 5.319	 ave. time [ms]:  (SSP): 3.356 (+/-)2.111
[score matrix size: 374x246  99.8% are 0.] (SSP) 103.1 ---> OK	time [ms]: (SSP): 4.767	 ave. time [ms]:  (SSP): 3.638 (+/-) 1.97
[score matrix size: 374x229  99.8% are 0.] (SSP) 89.45 ---> OK	time [ms]: (SSP): 4.182	 ave. time [ms]:  (SSP): 3.729 (+/-) 1.81
[score matrix size: 368x236 99.77% are 0.] (SSP) 99.21 ---> OK	time [ms]: (SSP): 4.716	 ave. time [ms]:  (SSP):  3.87 (+/-)1.711
[score matrix size: 356x238 99.79% are 0.] (SSP) 89.78 ---> OK	time [ms]: (SSP): 4.122	 ave. time [ms]:  (SSP): 3.901 (+/-)1.603
[score matrix size: 380x260 99.79% are 0.] (SSP) 111.9 ---> OK	time [ms]: (SSP): 5.231	 ave. time [ms]:  (SSP): 4.049 (+/-)1.568
[score matrix size: 379x252 99.77% are 0.] (SSP) 111.7 ---> OK	time [ms]: (SSP):   5.3	 ave. time [ms]:  (SSP): 4.174 (+/-)1.534
[score matrix size: 385x240 99.78% are 0.] (SSP) 103.5 ---> OK	time [ms]: (SSP): 4.991	 ave. time [ms]:  (SSP): 4.248 (+/-)1.481
[score matrix size: 381x228 99.74% are 0.] (SSP) 113.1 ---> OK	time [ms]: (SSP): 5.323	 ave. time [ms]:  (SSP): 4.338 (+/-)1.449
[score matrix size: 343x240 99.76% are 0.] (SSP) 108.9 ---> OK	time [ms]: (SSP): 4.404	 ave. time [ms]:  (SSP): 4.343 (+/-)1.392
[score matrix size: 437x232 99.77% are 0.] (SSP)   114 ---> OK	time [ms]: (SSP): 6.494	 ave. time [ms]:  (SSP): 4.497 (+/-)1.452
[score matrix size: 351x231 99.74% are 0.] (SSP) 102.9 ---> OK	time [ms]: (SSP): 4.532	 ave. time [ms]:  (SSP): 4.499 (+/-)1.402
[score matrix size: 358x219 99.75% are 0.] (SSP) 102.7 ---> OK	time [ms]: (SSP):  4.45	 ave. time [ms]:  (SSP): 4.496 (+/-)1.358
[score matrix size: 339x217 99.76% are 0.] (SSP) 59.57 ---> OK	time [ms]: (SSP): 4.288	 ave. time [ms]:  (SSP): 4.484 (+/-)1.318
[score matrix size: 430x221 99.81% are 0.] (SSP) 66.14 ---> OK	time [ms]: (SSP): 5.129	 ave. time [ms]:  (SSP): 4.519 (+/-) 1.29
[score matrix size: 350x228 99.74% are 0.] (SSP) 84.36 ---> OK	time [ms]: (SSP): 4.808	 ave. time [ms]:  (SSP): 4.535 (+/-)1.257
[score matrix size: 324x206 99.79% are 0.] (SSP) 42.39 ---> OK	time [ms]: (SSP): 3.602	 ave. time [ms]:  (SSP): 4.488 (+/-)1.242
[score matrix size: 444x199 99.81% are 0.] (SSP) 84.77 ---> OK	time [ms]: (SSP): 5.181	 ave. time [ms]:  (SSP): 4.521 (+/-)1.221
[score matrix size: 448x195 99.79% are 0.] (SSP) 75.52 ---> OK	time [ms]: (SSP): 5.342	 ave. time [ms]:  (SSP): 4.558 (+/-)1.205
[score matrix size: 379x195 99.74% are 0.] (SSP) 71.25 ---> OK	time [ms]: (SSP): 4.756	 ave. time [ms]:  (SSP): 4.567 (+/-)1.179
[score matrix size: 372x192  99.8% are 0.] (SSP) 45.47 ---> OK	time [ms]: (SSP): 3.657	 ave. time [ms]:  (SSP): 4.529 (+/-)1.169
[score matrix size: 395x203 99.77% are 0.] (SSP) 73.17 ---> OK	time [ms]: (SSP): 4.512	 ave. time [ms]:  (SSP): 4.528 (+/-)1.145
[score matrix size: 423x200 99.77% are 0.] (SSP) 91.54 ---> OK	time [ms]: (SSP): 5.266	 ave. time [ms]:  (SSP): 4.557 (+/-)1.132
[score matrix size: 377x194 99.76% are 0.] (SSP) 76.51 ---> OK	time [ms]: (SSP): 4.144	 ave. time [ms]:  (SSP): 4.541 (+/-)1.113
[score matrix size: 381x206 99.75% are 0.] (SSP) 83.83 ---> OK	time [ms]: (SSP):  4.66	 ave. time [ms]:  (SSP): 4.546 (+/-)1.093
[score matrix size: 308x212 99.72% are 0.] (SSP) 81.55 ---> OK	time [ms]: (SSP):  3.99	 ave. time [ms]:  (SSP): 4.527 (+/-)1.079
[score matrix size: 401x198 99.76% are 0.] (SSP) 62.04 ---> OK	time [ms]: (SSP): 5.002	 ave. time [ms]:  (SSP): 4.542 (+/-)1.064
[score matrix size: 306x185  99.8% are 0.] (SSP) 35.09 ---> OK	time [ms]: (SSP): 2.348	 ave. time [ms]:  (SSP): 4.472 (+/-)1.117
[score matrix size: 185x179 99.66% are 0.] (SSP) 49.89 ---> OK	time [ms]: (SSP): 2.613	 ave. time [ms]:  (SSP): 4.414 (+/-)1.146
[score matrix size: 279x173 99.69% are 0.] (SSP) 73.58 ---> OK	time [ms]: (SSP): 3.559	 ave. time [ms]:  (SSP): 4.388 (+/-)1.138
[score matrix size: 261x158 99.72% are 0.] (SSP) 62.69 ---> OK	time [ms]: (SSP): 2.731	 ave. time [ms]:  (SSP): 4.339 (+/-)1.155
[score matrix size: 332x155 99.75% are 0.] (SSP) 63.49 ---> OK	time [ms]: (SSP): 2.752	 ave. time [ms]:  (SSP): 4.294 (+/-)1.169
[score matrix size: 322x154 99.75% are 0.] (SSP) 58.94 ---> OK	time [ms]: (SSP): 3.298	 ave. time [ms]:  (SSP): 4.266 (+/-)1.164
[score matrix size: 311x158 99.73% are 0.] (SSP) 58.59 ---> OK	time [ms]: (SSP): 3.213	 ave. time [ms]:  (SSP): 4.237 (+/-)1.161
[score matrix size: 325x160 99.72% are 0.] (SSP) 62.67 ---> OK	time [ms]: (SSP): 3.242	 ave. time [ms]:  (SSP): 4.211 (+/-)1.156
[score matrix size: 327x168 99.76% are 0.] (SSP) 36.38 ---> OK	time [ms]: (SSP): 2.487	 ave. time [ms]:  (SSP): 4.167 (+/-)1.174
[score matrix size: 342x158 99.76% are 0.] (SSP)  61.2 ---> OK	time [ms]: (SSP): 3.298	 ave. time [ms]:  (SSP): 4.145 (+/-)1.167
[score matrix size: 337x159 99.74% are 0.] (SSP) 73.52 ---> OK	time [ms]: (SSP): 3.657	 ave. time [ms]:  (SSP): 4.133 (+/-)1.155
[score matrix size: 236x166 99.72% are 0.] (SSP) 54.36 ---> OK	time [ms]: (SSP): 1.805	 ave. time [ms]:  (SSP): 4.078 (+/-)1.195
[score matrix size: 323x176  99.7% are 0.] (SSP) 45.84 ---> OK	time [ms]: (SSP): 3.069	 ave. time [ms]:  (SSP): 4.054 (+/-)1.191
[score matrix size: 266x177 99.68% are 0.] (SSP) 64.84 ---> OK	time [ms]: (SSP): 3.293	 ave. time [ms]:  (SSP): 4.037 (+/-)1.183
[score matrix size: 346x187 99.71% are 0.] (SSP) 84.62 ---> OK	time [ms]: (SSP): 3.658	 ave. time [ms]:  (SSP): 4.029 (+/-)1.171
[score matrix size: 345x192 99.71% are 0.] (SSP) 82.19 ---> OK	time [ms]: (SSP): 3.968	 ave. time [ms]:  (SSP): 4.027 (+/-)1.158
[score matrix size: 282x158 99.71% are 0.] (SSP) 66.17 ---> OK	time [ms]: (SSP): 2.656	 ave. time [ms]:  (SSP): 3.998 (+/-)1.163
[score matrix size: 270x162 99.74% are 0.] (SSP) 60.17 ---> OK	time [ms]: (SSP): 2.896	 ave. time [ms]:  (SSP): 3.975 (+/-)1.161
[score matrix size: 250x158 99.71% are 0.] (SSP) 39.49 ---> OK	time [ms]: (SSP): 1.732	 ave. time [ms]:  (SSP):  3.93 (+/-)1.192
[score matrix size: 327x143 99.78% are 0.] (SSP) 34.81 ---> OK	time [ms]: (SSP): 2.816	 ave. time [ms]:  (SSP): 3.907 (+/-) 1.19
[score matrix size: 340x162 99.72% are 0.] (SSP) 64.32 ---> OK	time [ms]: (SSP): 3.973	 ave. time [ms]:  (SSP): 3.909 (+/-)1.179
[score matrix size: 233x143 99.67% are 0.] (SSP) 53.88 ---> OK	time [ms]: (SSP): 3.195	 ave. time [ms]:  (SSP): 3.895 (+/-)1.171
[score matrix size: 240x139 99.63% are 0.] (SSP) 43.96 ---> OK	time [ms]: (SSP): 3.234	 ave. time [ms]:  (SSP): 3.882 (+/-)1.164
[score matrix size: 222x138 99.66% are 0.] (SSP)    51 ---> OK	time [ms]: (SSP): 2.982	 ave. time [ms]:  (SSP): 3.866 (+/-)1.159
[score matrix size: 290x145 99.65% are 0.] (SSP) 51.09 ---> OK	time [ms]: (SSP): 3.207	 ave. time [ms]:  (SSP): 3.854 (+/-)1.152
[score matrix size: 277x140 99.68% are 0.] (SSP) 50.18 ---> OK	time [ms]: (SSP): 3.357	 ave. time [ms]:  (SSP): 3.845 (+/-)1.144
[score matrix size: 276x143 99.73% are 0.] (SSP) 49.02 ---> OK	time [ms]: (SSP): 1.667	 ave. time [ms]:  (SSP): 3.807 (+/-)1.169
[score matrix size: 295x154  99.7% are 0.] (SSP) 42.02 ---> OK	time [ms]: (SSP): 3.113	 ave. time [ms]:  (SSP): 3.795 (+/-)1.163
[score matrix size: 301x139  99.7% are 0.] (SSP) 51.02 ---> OK	time [ms]: (SSP): 3.026	 ave. time [ms]:  (SSP): 3.782 (+/-)1.157
[score matrix size: 302x142 99.69% are 0.] (SSP) 68.13 ---> OK	time [ms]: (SSP): 3.453	 ave. time [ms]:  (SSP): 3.776 (+/-)1.148
[score matrix size: 285x158 99.66% are 0.] (SSP) 73.35 ---> OK	time [ms]: (SSP): 4.163	 ave. time [ms]:  (SSP): 3.782 (+/-) 1.14
[score matrix size: 270x153  99.7% are 0.] (SSP) 67.59 ---> OK	time [ms]: (SSP): 2.911	 ave. time [ms]:  (SSP): 3.768 (+/-)1.136
[score matrix size: 281x157 99.67% are 0.] (SSP) 74.25 ---> OK	time [ms]: (SSP): 3.329	 ave. time [ms]:  (SSP): 3.761 (+/-)1.128
[score matrix size: 296x160 99.71% are 0.] (SSP) 70.41 ---> OK	time [ms]: (SSP): 3.358	 ave. time [ms]:  (SSP): 3.755 (+/-) 1.12
[score matrix size: 243x171 99.71% are 0.] (SSP) 40.56 ---> OK	time [ms]: (SSP): 2.482	 ave. time [ms]:  (SSP): 3.736 (+/-)1.123
[score matrix size: 264x175 99.72% are 0.] (SSP) 61.49 ---> OK	time [ms]: (SSP): 3.045	 ave. time [ms]:  (SSP): 3.725 (+/-)1.117
[score matrix size: 263x174 99.72% are 0.] (SSP) 64.31 ---> OK	time [ms]: (SSP): 1.976	 ave. time [ms]:  (SSP): 3.699 (+/-)1.129
[score matrix size: 274x172 99.68% are 0.] (SSP) 76.67 ---> OK	time [ms]: (SSP): 3.242	 ave. time [ms]:  (SSP): 3.692 (+/-)1.122
[score matrix size: 346x161 99.74% are 0.] (SSP) 48.45 ---> OK	time [ms]: (SSP): 2.963	 ave. time [ms]:  (SSP): 3.682 (+/-)1.117
[score matrix size: 328x172 99.76% are 0.] (SSP) 43.23 ---> OK	time [ms]: (SSP): 2.601	 ave. time [ms]:  (SSP): 3.666 (+/-)1.117
[score matrix size: 341x160 99.76% are 0.] (SSP) 57.83 ---> OK	time [ms]: (SSP): 3.703	 ave. time [ms]:  (SSP): 3.667 (+/-)1.109
[score matrix size: 255x153  99.7% are 0.] (SSP) 58.86 ---> OK	time [ms]: (SSP): 3.431	 ave. time [ms]:  (SSP): 3.664 (+/-)1.101
[score matrix size: 324x134 99.73% are 0.] (SSP) 30.99 ---> OK	time [ms]: (SSP): 2.186	 ave. time [ms]:  (SSP): 3.643 (+/-)1.107
[score matrix size: 309x130 99.73% are 0.] (SSP) 45.62 ---> OK	time [ms]: (SSP): 2.921	 ave. time [ms]:  (SSP): 3.634 (+/-)1.103
[score matrix size: 299x120 99.72% are 0.] (SSP) 44.38 ---> OK	time [ms]: (SSP): 3.043	 ave. time [ms]:  (SSP): 3.626 (+/-)1.098
[score matrix size: 265x128 99.71% are 0.] (SSP) 41.99 ---> OK	time [ms]: (SSP): 3.036	 ave. time [ms]:  (SSP): 3.618 (+/-)1.092
[score matrix size: 260x124 99.67% are 0.] (SSP) 50.17 ---> OK	time [ms]: (SSP): 3.813	 ave. time [ms]:  (SSP):  3.62 (+/-)1.085
[score matrix size: 254x138 99.65% are 0.] (SSP) 55.43 ---> OK	time [ms]: (SSP): 3.567	 ave. time [ms]:  (SSP):  3.62 (+/-)1.079
[score matrix size: 256x119 99.64% are 0.] (SSP) 49.29 ---> OK	time [ms]: (SSP): 3.519	 ave. time [ms]:  (SSP): 3.618 (+/-)1.072
[score matrix size: 249x132 99.68% are 0.] (SSP) 34.85 ---> OK	time [ms]: (SSP): 3.137	 ave. time [ms]:  (SSP): 3.612 (+/-)1.066
[score matrix size: 266x119 99.64% are 0.] (SSP) 42.25 ---> OK	time [ms]: (SSP): 3.507	 ave. time [ms]:  (SSP): 3.611 (+/-) 1.06
[score matrix size: 193x119 99.51% are 0.] (SSP) 42.39 ---> OK	time [ms]: (SSP): 4.036	 ave. time [ms]:  (SSP): 3.616 (+/-)1.054
[score matrix size: 237x118 99.58% are 0.] (SSP) 47.65 ---> OK	time [ms]: (SSP): 3.573	 ave. time [ms]:  (SSP): 3.616 (+/-)1.048
[score matrix size: 224x115  99.6% are 0.] (SSP) 47.48 ---> OK	time [ms]: (SSP):  4.03	 ave. time [ms]:  (SSP): 3.621 (+/-)1.043
[score matrix size: 225x121 99.56% are 0.] (SSP) 49.22 ---> OK	time [ms]: (SSP):  1.46	 ave. time [ms]:  (SSP): 3.595 (+/-)1.062
[score matrix size: 233x126 99.62% are 0.] (SSP) 52.02 ---> OK	time [ms]: (SSP): 1.739	 ave. time [ms]:  (SSP): 3.574 (+/-)1.075
[score matrix size: 185x111 99.51% are 0.] (SSP) 49.87 ---> OK	time [ms]: (SSP): 1.082	 ave. time [ms]:  (SSP): 3.545 (+/-)1.101
[score matrix size: 227x122 99.66% are 0.] (SSP) 44.78 ---> OK	time [ms]: (SSP): 3.234	 ave. time [ms]:  (SSP): 3.542 (+/-)1.095
[score matrix size: 242x117 99.65% are 0.] (SSP) 51.96 ---> OK	time [ms]: (SSP): 3.095	 ave. time [ms]:  (SSP): 3.537 (+/-) 1.09
[score matrix size: 179x127 99.56% are 0.] (SSP)  51.3 ---> OK	time [ms]: (SSP):  3.61	 ave. time [ms]:  (SSP): 3.537 (+/-)1.084
[score matrix size: 232x135 99.61% are 0.] (SSP) 55.34 ---> OK	time [ms]: (SSP):  3.47	 ave. time [ms]:  (SSP): 3.537 (+/-)1.078
[score matrix size: 203x143 99.63% are 0.] (SSP) 57.38 ---> OK	time [ms]: (SSP): 3.378	 ave. time [ms]:  (SSP): 3.535 (+/-)1.072
[score matrix size: 205x161  99.6% are 0.] (SSP)  59.7 ---> OK	time [ms]: (SSP):  3.35	 ave. time [ms]:  (SSP): 3.533 (+/-)1.067
[score matrix size: 272x157 99.64% are 0.] (SSP) 75.74 ---> OK	time [ms]: (SSP): 3.748	 ave. time [ms]:  (SSP): 3.535 (+/-)1.061
[score matrix size: 281x138 99.69% are 0.] (SSP) 62.96 ---> OK	time [ms]: (SSP): 3.447	 ave. time [ms]:  (SSP): 3.534 (+/-)1.056
[score matrix size: 283x136  99.7% are 0.] (SSP) 65.82 ---> OK	time [ms]: (SSP): 2.218	 ave. time [ms]:  (SSP): 3.521 (+/-)1.059
[score matrix size: 273x138 99.64% are 0.] (SSP) 65.85 ---> OK	time [ms]: (SSP): 3.354	 ave. time [ms]:  (SSP): 3.519 (+/-)1.053
[score matrix size: 260x134 99.64% are 0.] (SSP) 63.44 ---> OK	time [ms]: (SSP): 3.128	 ave. time [ms]:  (SSP): 3.515 (+/-)1.049
[score matrix size: 260x132 99.69% are 0.] (SSP)  54.6 ---> OK	time [ms]: (SSP): 3.036	 ave. time [ms]:  (SSP):  3.51 (+/-)1.045
[score matrix size: 207x125 99.69% are 0.] (SSP) 32.96 ---> OK	time [ms]: (SSP):  1.05	 ave. time [ms]:  (SSP): 3.485 (+/-)1.068
[score matrix size: 209x119 99.61% are 0.] (SSP) 46.46 ---> OK	time [ms]: (SSP): 3.954	 ave. time [ms]:  (SSP):  3.49 (+/-)1.063
[score matrix size: 184x116 99.66% are 0.] (SSP) 41.75 ---> OK	time [ms]: (SSP): 0.885	 ave. time [ms]:  (SSP): 3.464 (+/-)1.089
[score matrix size: 242x127 99.64% are 0.] (SSP) 50.98 ---> OK	time [ms]: (SSP): 1.502	 ave. time [ms]:  (SSP): 3.445 (+/-)1.101
[score matrix size: 248x122  99.7% are 0.] (SSP) 45.33 ---> OK	time [ms]: (SSP): 1.336	 ave. time [ms]:  (SSP): 3.425 (+/-)1.114
[score matrix size: 257x129 99.66% are 0.] (SSP) 57.98 ---> OK	time [ms]: (SSP): 1.675	 ave. time [ms]:  (SSP): 3.408 (+/-)1.122
[score matrix size: 250x137 99.62% are 0.] (SSP) 49.14 ---> OK	time [ms]: (SSP): 1.774	 ave. time [ms]:  (SSP): 3.393 (+/-)1.128
[score matrix size: 206x138 99.65% are 0.] (SSP) 47.93 ---> OK	time [ms]: (SSP): 3.159	 ave. time [ms]:  (SSP): 3.391 (+/-)1.123
[score matrix size: 214x139 99.66% are 0.] (SSP) 54.15 ---> OK	time [ms]: (SSP): 2.777	 ave. time [ms]:  (SSP): 3.385 (+/-)1.119
[score matrix size: 210x153 99.65% are 0.] (SSP) 61.04 ---> OK	time [ms]: (SSP): 1.396	 ave. time [ms]:  (SSP): 3.367 (+/-) 1.13
[score matrix size: 224x161 99.67% are 0.] (SSP) 66.09 ---> OK	time [ms]: (SSP):  3.34	 ave. time [ms]:  (SSP): 3.367 (+/-)1.125
[score matrix size: 236x154 99.69% are 0.] (SSP) 63.44 ---> OK	time [ms]: (SSP): 1.799	 ave. time [ms]:  (SSP): 3.353 (+/-) 1.13
[score matrix size: 246x164 99.68% are 0.] (SSP)  71.6 ---> OK	time [ms]: (SSP):  1.95	 ave. time [ms]:  (SSP):  3.34 (+/-)1.132
[score matrix size: 313x163 99.73% are 0.] (SSP) 54.83 ---> OK	time [ms]: (SSP): 3.726	 ave. time [ms]:  (SSP): 3.343 (+/-)1.128
[score matrix size: 248x162 99.65% are 0.] (SSP) 55.18 ---> OK	time [ms]: (SSP): 3.474	 ave. time [ms]:  (SSP): 3.345 (+/-)1.123
[score matrix size: 302x167  99.7% are 0.] (SSP)  60.1 ---> OK	time [ms]: (SSP): 2.565	 ave. time [ms]:  (SSP): 3.338 (+/-) 1.12
[score matrix size: 303x182  99.7% are 0.] (SSP) 76.34 ---> OK	time [ms]: (SSP): 2.978	 ave. time [ms]:  (SSP): 3.335 (+/-)1.116
[score matrix size: 375x172 99.76% are 0.] (SSP) 71.84 ---> OK	time [ms]: (SSP): 3.976	 ave. time [ms]:  (SSP):  3.34 (+/-)1.113
[score matrix size: 348x180 99.74% are 0.] (SSP) 79.98 ---> OK	time [ms]: (SSP):  3.93	 ave. time [ms]:  (SSP): 3.345 (+/-)1.109
[score matrix size: 348x176 99.73% are 0.] (SSP)  79.3 ---> OK	time [ms]: (SSP): 4.132	 ave. time [ms]:  (SSP): 3.352 (+/-)1.107
[score matrix size: 339x179 99.72% are 0.] (SSP) 75.12 ---> OK	time [ms]: (SSP): 3.795	 ave. time [ms]:  (SSP): 3.356 (+/-)1.103
[score matrix size: 328x177  99.7% are 0.] (SSP) 83.64 ---> OK	time [ms]: (SSP): 3.877	 ave. time [ms]:  (SSP):  3.36 (+/-)  1.1
[score matrix size: 328x179 99.73% are 0.] (SSP) 80.32 ---> OK	time [ms]: (SSP): 3.211	 ave. time [ms]:  (SSP): 3.359 (+/-)1.095
[score matrix size: 270x183  99.7% are 0.] (SSP) 74.93 ---> OK	time [ms]: (SSP): 3.322	 ave. time [ms]:  (SSP): 3.358 (+/-)1.091
[score matrix size: 275x182 99.72% are 0.] (SSP) 46.47 ---> OK	time [ms]: (SSP): 3.138	 ave. time [ms]:  (SSP): 3.357 (+/-)1.087
[score matrix size: 361x179 99.76% are 0.] (SSP)  70.2 ---> OK	time [ms]: (SSP): 3.648	 ave. time [ms]:  (SSP): 3.359 (+/-)1.082
[score matrix size: 363x173 99.77% are 0.] (SSP)  77.2 ---> OK	time [ms]: (SSP): 3.696	 ave. time [ms]:  (SSP): 3.362 (+/-)1.079
[score matrix size: 341x174 99.73% are 0.] (SSP) 80.92 ---> OK	time [ms]: (SSP): 3.922	 ave. time [ms]:  (SSP): 3.366 (+/-)1.075
[score matrix size: 331x171 99.75% are 0.] (SSP) 71.03 ---> OK	time [ms]: (SSP): 3.623	 ave. time [ms]:  (SSP): 3.368 (+/-)1.072
[score matrix size: 340x177 99.71% are 0.] (SSP) 81.11 ---> OK	time [ms]: (SSP): 4.975	 ave. time [ms]:  (SSP):  3.38 (+/-)1.077
[score matrix size: 331x171 99.74% are 0.] (SSP) 73.91 ---> OK	time [ms]: (SSP): 3.439	 ave. time [ms]:  (SSP): 3.381 (+/-)1.072
[score matrix size: 332x176 99.73% are 0.] (SSP) 82.35 ---> OK	time [ms]: (SSP): 3.563	 ave. time [ms]:  (SSP): 3.382 (+/-)1.068
[score matrix size: 332x160 99.75% are 0.] (SSP) 46.68 ---> OK	time [ms]: (SSP): 3.324	 ave. time [ms]:  (SSP): 3.382 (+/-)1.064
[score matrix size: 265x169 99.71% are 0.] (SSP)  61.3 ---> OK	time [ms]: (SSP): 2.486	 ave. time [ms]:  (SSP): 3.375 (+/-)1.063
[score matrix size: 254x164  99.7% are 0.] (SSP) 57.95 ---> OK	time [ms]: (SSP): 1.898	 ave. time [ms]:  (SSP): 3.364 (+/-)1.067
[score matrix size: 258x150 99.69% are 0.] (SSP) 62.99 ---> OK	time [ms]: (SSP): 2.743	 ave. time [ms]:  (SSP): 3.359 (+/-)1.064
[score matrix size: 241x150  99.7% are 0.] (SSP) 55.41 ---> OK	time [ms]: (SSP): 2.866	 ave. time [ms]:  (SSP): 3.356 (+/-)1.061
[score matrix size: 239x158  99.7% are 0.] (SSP) 54.37 ---> OK	time [ms]: (SSP):  1.71	 ave. time [ms]:  (SSP): 3.344 (+/-)1.067
[score matrix size: 251x148 99.69% are 0.] (SSP) 54.29 ---> OK	time [ms]: (SSP): 2.781	 ave. time [ms]:  (SSP):  3.34 (+/-)1.064
[score matrix size: 239x151 99.69% are 0.] (SSP) 60.37 ---> OK	time [ms]: (SSP): 2.215	 ave. time [ms]:  (SSP): 3.332 (+/-)1.064
[score matrix size: 308x145 99.71% are 0.] (SSP) 60.45 ---> OK	time [ms]: (SSP): 2.271	 ave. time [ms]:  (SSP): 3.324 (+/-)1.064
[score matrix size: 299x146 99.73% are 0.] (SSP) 57.63 ---> OK	time [ms]: (SSP): 3.068	 ave. time [ms]:  (SSP): 3.322 (+/-)1.061
[score matrix size: 234x168 99.73% are 0.] (SSP) 55.06 ---> OK	time [ms]: (SSP): 1.888	 ave. time [ms]:  (SSP): 3.312 (+/-)1.064
[score matrix size: 252x159 99.72% are 0.] (SSP) 53.38 ---> OK	time [ms]: (SSP): 2.321	 ave. time [ms]:  (SSP): 3.305 (+/-)1.063
[score matrix size: 159x172 99.56% are 0.] (SSP) 77.32 ---> OK	time [ms]: (SSP): 1.388	 ave. time [ms]:  (SSP): 3.292 (+/-)1.071
[score matrix size: 172x170 99.63% are 0.] (SSP) 49.54 ---> OK	time [ms]: (SSP):  2.73	 ave. time [ms]:  (SSP): 3.288 (+/-)1.069
[score matrix size: 170x173 99.68% are 0.] (SSP) 48.82 ---> OK	time [ms]: (SSP): 1.185	 ave. time [ms]:  (SSP): 3.274 (+/-)1.079
[score matrix size: 269x175 99.75% are 0.] (SSP) 73.81 ---> OK	time [ms]: (SSP):  2.27	 ave. time [ms]:  (SSP): 3.267 (+/-)1.078
[score matrix size: 259x177 99.74% are 0.] (SSP) 53.95 ---> OK	time [ms]: (SSP): 2.925	 ave. time [ms]:  (SSP): 3.264 (+/-)1.075
[score matrix size: 272x190 99.72% are 0.] (SSP) 85.12 ---> OK	time [ms]: (SSP):  3.46	 ave. time [ms]:  (SSP): 3.266 (+/-)1.072
[score matrix size: 263x175  99.7% are 0.] (SSP) 81.86 ---> OK	time [ms]: (SSP): 2.886	 ave. time [ms]:  (SSP): 3.263 (+/-)1.069
[score matrix size: 269x187 99.72% are 0.] (SSP) 82.28 ---> OK	time [ms]: (SSP): 2.929	 ave. time [ms]:  (SSP): 3.261 (+/-)1.065
[score matrix size: 268x172 99.73% are 0.] (SSP) 80.23 ---> OK	time [ms]: (SSP): 3.028	 ave. time [ms]:  (SSP):  3.26 (+/-)1.062
[score matrix size: 264x177 99.75% are 0.] (SSP) 71.57 ---> OK	time [ms]: (SSP): 2.858	 ave. time [ms]:  (SSP): 3.257 (+/-)1.059
[score matrix size: 268x164 99.73% are 0.] (SSP)  67.6 ---> OK	time [ms]: (SSP): 1.918	 ave. time [ms]:  (SSP): 3.248 (+/-)1.061
[score matrix size: 345x177 99.75% are 0.] (SSP) 59.89 ---> OK	time [ms]: (SSP): 3.278	 ave. time [ms]:  (SSP): 3.248 (+/-)1.058
[score matrix size: 349x176 99.75% are 0.] (SSP) 76.49 ---> OK	time [ms]: (SSP): 3.818	 ave. time [ms]:  (SSP): 3.252 (+/-)1.055
[score matrix size: 261x163 99.72% are 0.] (SSP)  41.1 ---> OK	time [ms]: (SSP): 3.113	 ave. time [ms]:  (SSP): 3.251 (+/-)1.052
[score matrix size: 258x161 99.67% are 0.] (SSP) 63.57 ---> OK	time [ms]: (SSP): 3.172	 ave. time [ms]:  (SSP): 3.251 (+/-)1.049
[score matrix size: 238x175 99.71% are 0.] (SSP) 65.03 ---> OK	time [ms]: (SSP): 2.765	 ave. time [ms]:  (SSP): 3.248 (+/-)1.046
[score matrix size: 256x172 99.73% are 0.] (SSP) 65.78 ---> OK	time [ms]: (SSP): 2.792	 ave. time [ms]:  (SSP): 3.245 (+/-)1.043
[score matrix size: 264x167 99.74% are 0.] (SSP) 41.63 ---> OK	time [ms]: (SSP): 2.009	 ave. time [ms]:  (SSP): 3.237 (+/-)1.045
[score matrix size: 274x172  99.7% are 0.] (SSP) 64.32 ---> OK	time [ms]: (SSP): 3.249	 ave. time [ms]:  (SSP): 3.237 (+/-)1.041
[score matrix size: 253x175  99.7% are 0.] (SSP) 65.51 ---> OK	time [ms]: (SSP): 3.087	 ave. time [ms]:  (SSP): 3.236 (+/-)1.038
[score matrix size: 333x165 99.75% are 0.] (SSP)  66.6 ---> OK	time [ms]: (SSP): 2.683	 ave. time [ms]:  (SSP): 3.233 (+/-)1.036
[score matrix size: 338x160 99.78% are 0.] (SSP) 61.87 ---> OK	time [ms]: (SSP): 3.122	 ave. time [ms]:  (SSP): 3.232 (+/-)1.033
[score matrix size: 343x167 99.76% are 0.] (SSP) 70.05 ---> OK	time [ms]: (SSP):  3.12	 ave. time [ms]:  (SSP): 3.232 (+/-) 1.03
[score matrix size: 336x178 99.72% are 0.] (SSP) 76.73 ---> OK	time [ms]: (SSP): 3.871	 ave. time [ms]:  (SSP): 3.235 (+/-)1.028
[score matrix size: 254x185 99.71% are 0.] (SSP) 61.69 ---> OK	time [ms]: (SSP): 2.877	 ave. time [ms]:  (SSP): 3.233 (+/-)1.025
[score matrix size: 277x182 99.71% are 0.] (SSP) 78.28 ---> OK	time [ms]: (SSP): 3.172	 ave. time [ms]:  (SSP): 3.233 (+/-)1.022
[score matrix size: 269x185 99.69% are 0.] (SSP) 77.91 ---> OK	time [ms]: (SSP): 3.103	 ave. time [ms]:  (SSP): 3.232 (+/-)1.019
[score matrix size: 269x193  99.7% are 0.] (SSP) 86.37 ---> OK	time [ms]: (SSP): 3.472	 ave. time [ms]:  (SSP): 3.233 (+/-)1.016
[score matrix size: 280x187 99.72% are 0.] (SSP) 51.94 ---> OK	time [ms]: (SSP):  4.26	 ave. time [ms]:  (SSP): 3.239 (+/-)1.016
[score matrix size: 300x184 99.68% are 0.] (SSP) 87.59 ---> OK	time [ms]: (SSP): 3.062	 ave. time [ms]:  (SSP): 3.238 (+/-)1.014
[score matrix size: 273x191  99.7% are 0.] (SSP) 49.68 ---> OK	time [ms]: (SSP): 2.514	 ave. time [ms]:  (SSP): 3.234 (+/-)1.012
[score matrix size: 295x185 99.73% are 0.] (SSP) 71.07 ---> OK	time [ms]: (SSP): 2.917	 ave. time [ms]:  (SSP): 3.232 (+/-)1.009
[score matrix size: 276x170 99.71% are 0.] (SSP) 68.12 ---> OK	time [ms]: (SSP): 3.329	 ave. time [ms]:  (SSP): 3.233 (+/-)1.007
[score matrix size: 346x162 99.71% are 0.] (SSP) 74.57 ---> OK	time [ms]: (SSP): 3.874	 ave. time [ms]:  (SSP): 3.237 (+/-)1.005
[score matrix size: 329x154 99.69% are 0.] (SSP) 69.38 ---> OK	time [ms]: (SSP):  4.12	 ave. time [ms]:  (SSP): 3.242 (+/-)1.004
[score matrix size: 314x145 99.68% are 0.] (SSP) 68.44 ---> OK	time [ms]: (SSP): 2.797	 ave. time [ms]:  (SSP): 3.239 (+/-)1.002
[score matrix size: 298x139 99.72% are 0.] (SSP) 62.07 ---> OK	time [ms]: (SSP): 3.382	 ave. time [ms]:  (SSP):  3.24 (+/-)0.9993
[score matrix size: 218x144 99.66% are 0.] (SSP) 50.46 ---> OK	time [ms]: (SSP): 2.984	 ave. time [ms]:  (SSP): 3.238 (+/-)0.9967
[score matrix size: 219x144 99.65% are 0.] (SSP)  59.9 ---> OK	time [ms]: (SSP): 3.032	 ave. time [ms]:  (SSP): 3.237 (+/-)0.9941
[score matrix size: 220x149 99.62% are 0.] (SSP) 58.43 ---> OK	time [ms]: (SSP): 2.783	 ave. time [ms]:  (SSP): 3.235 (+/-)0.9919
[score matrix size: 223x153 99.62% are 0.] (SSP) 68.81 ---> OK	time [ms]: (SSP): 2.931	 ave. time [ms]:  (SSP): 3.233 (+/-)0.9895
[score matrix size: 218x137 99.65% are 0.] (SSP) 59.82 ---> OK	time [ms]: (SSP): 2.903	 ave. time [ms]:  (SSP): 3.231 (+/-)0.9871
[score matrix size: 217x143 99.63% are 0.] (SSP) 64.63 ---> OK	time [ms]: (SSP): 3.412	 ave. time [ms]:  (SSP): 3.232 (+/-)0.9845
[score matrix size: 206x148  99.6% are 0.] (SSP) 71.56 ---> OK	time [ms]: (SSP): 3.059	 ave. time [ms]:  (SSP): 3.231 (+/-)0.982
[score matrix size: 263x160 99.68% are 0.] (SSP) 70.04 ---> OK	time [ms]: (SSP): 2.706	 ave. time [ms]:  (SSP): 3.229 (+/-)0.9801
[score matrix size: 228x154 99.61% are 0.] (SSP) 80.09 ---> OK	time [ms]: (SSP): 3.264	 ave. time [ms]:  (SSP): 3.229 (+/-)0.9775
[score matrix size: 222x154 99.57% are 0.] (SSP) 84.46 ---> OK	time [ms]: (SSP):  3.11	 ave. time [ms]:  (SSP): 3.228 (+/-)0.975
[score matrix size: 214x153 99.55% are 0.] (SSP) 77.26 ---> OK	time [ms]: (SSP): 3.227	 ave. time [ms]:  (SSP): 3.228 (+/-)0.9724
[score matrix size: 267x152 99.61% are 0.] (SSP) 92.69 ---> OK	time [ms]: (SSP): 2.315	 ave. time [ms]:  (SSP): 3.223 (+/-)0.9721
[score matrix size: 268x157 99.62% are 0.] (SSP) 92.41 ---> OK	time [ms]: (SSP): 3.843	 ave. time [ms]:  (SSP): 3.227 (+/-)0.9706
[score matrix size: 263x150 99.62% are 0.] (SSP)  91.5 ---> OK	time [ms]: (SSP): 3.631	 ave. time [ms]:  (SSP): 3.229 (+/-)0.9685
[score matrix size: 211x142 99.57% are 0.] (SSP) 82.87 ---> OK	time [ms]: (SSP): 1.579	 ave. time [ms]:  (SSP):  3.22 (+/-)0.9732
[score matrix size: 256x144 99.65% are 0.] (SSP) 84.24 ---> OK	time [ms]: (SSP): 3.413	 ave. time [ms]:  (SSP): 3.221 (+/-)0.9708
[score matrix size: 254x148 99.66% are 0.] (SSP) 81.36 ---> OK	time [ms]: (SSP):  1.98	 ave. time [ms]:  (SSP): 3.215 (+/-)0.9724
[score matrix size: 257x142 99.64% are 0.] (SSP) 77.97 ---> OK	time [ms]: (SSP): 4.483	 ave. time [ms]:  (SSP): 3.221 (+/-)0.9741
[score matrix size: 209x150 99.61% are 0.] (SSP)  80.8 ---> OK	time [ms]: (SSP): 1.637	 ave. time [ms]:  (SSP): 3.213 (+/-)0.9781
[score matrix size: 209x153 99.57% are 0.] (SSP)  84.1 ---> OK	time [ms]: (SSP): 1.725	 ave. time [ms]:  (SSP): 3.206 (+/-)0.9812
[score matrix size: 213x148 99.55% are 0.] (SSP) 86.65 ---> OK	time [ms]: (SSP): 1.764	 ave. time [ms]:  (SSP): 3.199 (+/-)0.984
[score matrix size: 208x147 99.59% are 0.] (SSP) 82.36 ---> OK	time [ms]: (SSP):  1.62	 ave. time [ms]:  (SSP): 3.191 (+/-)0.9878
[score matrix size: 200x144 99.61% are 0.] (SSP) 76.39 ---> OK	time [ms]: (SSP): 2.924	 ave. time [ms]:  (SSP):  3.19 (+/-)0.9856
[score matrix size: 206x143 99.63% are 0.] (SSP) 78.84 ---> OK	time [ms]: (SSP): 1.573	 ave. time [ms]:  (SSP): 3.182 (+/-)0.9896
[score matrix size: 200x142 99.62% are 0.] (SSP)  71.5 ---> OK	time [ms]: (SSP): 2.764	 ave. time [ms]:  (SSP):  3.18 (+/-)0.9876
[score matrix size: 255x139 99.67% are 0.] (SSP) 78.41 ---> OK	time [ms]: (SSP): 1.924	 ave. time [ms]:  (SSP): 3.174 (+/-)0.9891
[score matrix size: 254x141 99.67% are 0.] (SSP) 76.17 ---> OK	time [ms]: (SSP): 2.928	 ave. time [ms]:  (SSP): 3.172 (+/-)0.9869
[score matrix size: 255x139 99.66% are 0.] (SSP)  78.7 ---> OK	time [ms]: (SSP): 2.022	 ave. time [ms]:  (SSP): 3.167 (+/-)0.9877
[score matrix size: 262x154 99.64% are 0.] (SSP) 89.23 ---> OK	time [ms]: (SSP): 3.397	 ave. time [ms]:  (SSP): 3.168 (+/-)0.9855
[score matrix size: 207x142 99.57% are 0.] (SSP) 88.52 ---> OK	time [ms]: (SSP): 1.637	 ave. time [ms]:  (SSP): 3.161 (+/-)0.9887
[score matrix size: 201x144 99.58% are 0.] (SSP) 88.58 ---> OK	time [ms]: (SSP): 1.532	 ave. time [ms]:  (SSP): 3.153 (+/-)0.9927
... logging to /home/autoware/.ros/log/6890927e-d38c-11e9-b699-9cb6d0b90063/roslaunch-autoware-XPS-15-9570-31949.log
Checking log directory for disk usage. This may take awhile.
Press Ctrl-C to interrupt
Done checking log file disk usage. Usage is <1GB.
]2;/home/autoware/workspace/catkin_ws/src/autoware_perception/multi_object_tracker/launch/multi_object_tracker.launch
[1mstarted roslaunch server http://localhost:37123/[0m

SUMMARY
========

PARAMETERS
 * /multi_object_tracker/world_frame_id: world
 * /rosdistro: kinetic
 * /rosversion: 1.12.14

NODES
  /
    multi_object_tracker (multi_object_tracker/multi_object_tracker_node)

[1mROS_MASTER_URI=http://localhost:11311[0m
]2;/home/autoware/workspace/catkin_ws/src/autoware_perception/multi_object_tracker/launch/multi_object_tracker.launch http://localhost:11311
[1mprocess[multi_object_tracker-1]: started with pid [31966][0m
[multi_object_tracker-1] killing on exit
shutting down processing monitor...
... shutting down processing monitor complete
[1mdone[0m
